<?xml version="1.0" encoding="UTF-8"?>
<!-- Generated by org.testng.reporters.JUnitReportReporter -->
<testsuite skipped="0" hostname="TANERs-MBP.home" name="com.jobappliation.PersonalInfoTest" tests="1" failures="0" timestamp="23 Jun 2018 17:48:20 GMT" time="2.378" errors="0">
  <testcase name="fullNameEmptyTest" time="2.378" classname="com.jobappliation.PersonalInfoTest"/>
</testsuite> <!-- com.jobappliation.PersonalInfoTest -->
